[INFO] Scanning for projects...
[INFO] 
[INFO] -----------------------< com.personal:assistant >-----------------------
[INFO] Building assistant 0.0.1-SNAPSHOT
[INFO]   from pom.xml
[INFO] --------------------------------[ jar ]---------------------------------
[INFO] 
[INFO] >>> spring-boot:3.2.3:run (default-cli) > test-compile @ assistant >>>
[INFO] 
[INFO] --- resources:3.3.1:resources (default-resources) @ assistant ---
[INFO] Copying 1 resource from src\main\resources to target\classes
[INFO] Copying 0 resource from src\main\resources to target\classes
[INFO] 
[INFO] --- compiler:3.11.0:compile (default-compile) @ assistant ---
[INFO] Nothing to compile - all classes are up to date
[INFO] 
[INFO] --- resources:3.3.1:testResources (default-testResources) @ assistant ---
[INFO] skip non existing resourceDirectory D:\Gmail_Automation\Student_mail\Personal-Assistant\backend\src\test\resources
[INFO] 
[INFO] --- compiler:3.11.0:testCompile (default-testCompile) @ assistant ---
[INFO] No sources to compile
[INFO] 
[INFO] <<< spring-boot:3.2.3:run (default-cli) < test-compile @ assistant <<<
[INFO] 
[INFO] 
[INFO] --- spring-boot:3.2.3:run (default-cli) @ assistant ---
[INFO] Attaching agents: []
Standard Commons Logging discovery in action with spring-jcl: please remove commons-logging.jar from classpath in order to avoid potential conflicts

  .   ____          _            __ _ _
 /\\ / ___'_ __ _ _(_)_ __  __ _ \ \ \ \
( ( )\___ | '_ | '_| | '_ \/ _` | \ \ \ \
 \\/  ___)| |_)| | | | | || (_| |  ) ) ) )
  '  |____| .__|_| |_|_| |_\__, | / / / /
 =========|_|==============|___/=/_/_/_/
 :: Spring Boot ::                (v3.2.3)

2026-02-08T16:09:43.239+05:30  INFO 27384 --- [assistant] [           main] c.p.a.PersonalAssistantApplication       : Starting PersonalAssistantApplication using Java 21.0.1 with PID 27384 (D:\Gmail_Automation\Student_mail\Personal-Assistant\backend\target\classes started by hp in D:\Gmail_Automation\Student_mail\Personal-Assistant\backend)
2026-02-08T16:09:43.241+05:30 DEBUG 27384 --- [assistant] [           main] c.p.a.PersonalAssistantApplication       : Running with Spring Boot v3.2.3, Spring v6.1.4
2026-02-08T16:09:43.242+05:30  INFO 27384 --- [assistant] [           main] c.p.a.PersonalAssistantApplication       : No active profile set, falling back to 1 default profile: "default"
2026-02-08T16:09:43.810+05:30  INFO 27384 --- [assistant] [           main] .s.d.r.c.RepositoryConfigurationDelegate : Bootstrapping Spring Data JPA repositories in DEFAULT mode.
2026-02-08T16:09:43.859+05:30  INFO 27384 --- [assistant] [           main] .s.d.r.c.RepositoryConfigurationDelegate : Finished Spring Data repository scanning in 42 ms. Found 2 JPA repository interfaces.
2026-02-08T16:09:44.348+05:30  INFO 27384 --- [assistant] [           main] o.s.b.w.embedded.tomcat.TomcatWebServer  : Tomcat initialized with port 9090 (http)
2026-02-08T16:09:44.361+05:30  INFO 27384 --- [assistant] [           main] o.apache.catalina.core.StandardService   : Starting service [Tomcat]
2026-02-08T16:09:44.362+05:30  INFO 27384 --- [assistant] [           main] o.apache.catalina.core.StandardEngine    : Starting Servlet engine: [Apache Tomcat/10.1.19]
2026-02-08T16:09:44.446+05:30  INFO 27384 --- [assistant] [           main] o.a.c.c.C.[Tomcat].[localhost].[/]       : Initializing Spring embedded WebApplicationContext
2026-02-08T16:09:44.448+05:30  INFO 27384 --- [assistant] [           main] w.s.c.ServletWebServerApplicationContext : Root WebApplicationContext: initialization completed in 1162 ms
Standard Commons Logging discovery in action with spring-jcl: please remove commons-logging.jar from classpath in order to avoid potential conflicts
2026-02-08T16:09:44.630+05:30  INFO 27384 --- [assistant] [           main] o.hibernate.jpa.internal.util.LogHelper  : HHH000204: Processing PersistenceUnitInfo [name: default]
2026-02-08T16:09:44.690+05:30  INFO 27384 --- [assistant] [           main] org.hibernate.Version                    : HHH000412: Hibernate ORM core version 6.4.4.Final
2026-02-08T16:09:44.722+05:30  INFO 27384 --- [assistant] [           main] o.h.c.internal.RegionFactoryInitiator    : HHH000026: Second-level cache disabled
2026-02-08T16:09:44.937+05:30  INFO 27384 --- [assistant] [           main] o.s.o.j.p.SpringPersistenceUnitInfo      : No LoadTimeWeaver setup: ignoring JPA class transformer
2026-02-08T16:09:44.960+05:30  INFO 27384 --- [assistant] [           main] com.zaxxer.hikari.HikariDataSource       : HikariPool-1 - Starting...
2026-02-08T16:09:45.380+05:30  INFO 27384 --- [assistant] [           main] com.zaxxer.hikari.pool.HikariPool        : HikariPool-1 - Added connection com.mysql.cj.jdbc.ConnectionImpl@22c8ee48
2026-02-08T16:09:45.382+05:30  INFO 27384 --- [assistant] [           main] com.zaxxer.hikari.HikariDataSource       : HikariPool-1 - Start completed.
2026-02-08T16:09:45.450+05:30  WARN 27384 --- [assistant] [           main] org.hibernate.orm.deprecation            : HHH90000025: MySQLDialect does not need to be specified explicitly using 'hibernate.dialect' (remove the property setting and it will be selected by default)
2026-02-08T16:09:46.221+05:30  INFO 27384 --- [assistant] [           main] o.h.e.t.j.p.i.JtaPlatformInitiator       : HHH000489: No JTA platform available (set 'hibernate.transaction.jta.platform' to enable JTA platform integration)
2026-02-08T16:09:46.295+05:30  INFO 27384 --- [assistant] [           main] j.LocalContainerEntityManagerFactoryBean : Initialized JPA EntityManagerFactory for persistence unit 'default'
2026-02-08T16:09:46.744+05:30  WARN 27384 --- [assistant] [           main] JpaBaseConfiguration$JpaWebConfiguration : spring.jpa.open-in-view is enabled by default. Therefore, database queries may be performed during view rendering. Explicitly configure spring.jpa.open-in-view to disable this warning
2026-02-08T16:09:47.080+05:30  INFO 27384 --- [assistant] [           main] o.s.b.w.embedded.tomcat.TomcatWebServer  : Tomcat started on port 9090 (http) with context path ''
2026-02-08T16:09:47.088+05:30  INFO 27384 --- [assistant] [           main] c.p.a.PersonalAssistantApplication       : Started PersonalAssistantApplication in 4.214 seconds (process running for 4.634)
Polling Gmail for new events...
java.io.IOException: User not authenticated
	at com.personal.assistant.service.GmailService.getGmailClient(GmailService.java:103)
	at com.personal.assistant.service.GmailService.fetchAndSaveNewEvents(GmailService.java:133)
	at com.personal.assistant.scheduler.EmailPoller.scanInbox(EmailPoller.java:20)
	at java.base/jdk.internal.reflect.DirectMethodHandleAccessor.invoke(DirectMethodHandleAccessor.java:103)
	at java.base/java.lang.reflect.Method.invoke(Method.java:580)
	at org.springframework.scheduling.support.ScheduledMethodRunnable.runInternal(ScheduledMethodRunnable.java:130)
	at org.springframework.scheduling.support.ScheduledMethodRunnable.lambda$run$2(ScheduledMethodRunnable.java:124)
	at io.micrometer.observation.Observation.observe(Observation.java:499)
	at org.springframework.scheduling.support.ScheduledMethodRunnable.run(ScheduledMethodRunnable.java:124)
	at org.springframework.scheduling.support.DelegatingErrorHandlingRunnable.run(DelegatingErrorHandlingRunnable.java:54)
	at java.base/java.util.concurrent.Executors$RunnableAdapter.call(Executors.java:572)
	at java.base/java.util.concurrent.FutureTask.runAndReset(FutureTask.java:358)
	at java.base/java.util.concurrent.ScheduledThreadPoolExecutor$ScheduledFutureTask.run(ScheduledThreadPoolExecutor.java:305)
	at java.base/java.util.concurrent.ThreadPoolExecutor.runWorker(ThreadPoolExecutor.java:1144)
	at java.base/java.util.concurrent.ThreadPoolExecutor$Worker.run(ThreadPoolExecutor.java:642)
	at java.base/java.lang.Thread.run(Thread.java:1583)
[INFO] ------------------------------------------------------------------------
[INFO] BUILD FAILURE
[INFO] ------------------------------------------------------------------------
[INFO] Total time:  03:47 min
[INFO] Finished at: 2026-02-08T16:13:27+05:30
[INFO] ------------------------------------------------------------------------
[ERROR] Failed to execute goal org.springframework.boot:spring-boot-maven-plugin:3.2.3:run (default-cli) on project assistant: Process terminated with exit code: -1 -> [Help 1]
[ERROR] 
[ERROR] To see the full stack trace of the errors, re-run Maven with the -e switch.
[ERROR] Re-run Maven using the -X switch to enable full debug logging.
[ERROR] 
[ERROR] For more information about the errors and possible solutions, please read the following articles:
[ERROR] [Help 1] http://cwiki.apache.org/confluence/display/MAVEN/MojoExecutionException
